Using GATK jar /home/shukrruthi/anaconda3/envs/cinical_wes_environment/share/gatk4-4.6.2.0-0/gatk-package-4.6.2.0-local.jar
Running:
    java -Dsamjdk.use_async_io_read_samtools=false -Dsamjdk.use_async_io_write_samtools=true -Dsamjdk.use_async_io_write_tribble=false -Dsamjdk.compression_level=2 -Xmx8G -jar /home/shukrruthi/anaconda3/envs/cinical_wes_environment/share/gatk4-4.6.2.0-0/gatk-package-4.6.2.0-local.jar Mutect2 -R resources/reference/Homo_sapiens_assembly38.fasta -I results/bqsr/NB001.recal.bam -L resources/targets/S33266436_Regions.interval_list --germline-resource resources/reference/af-only-gnomad.hg38.vcf.gz --panel-of-normals resources/reference/1000g_pon.hg38.vcf.gz --f1r2-tar-gz results/variants/NB001.f1r2.tar.gz -O results/variants/NB001.unfiltered.vcf.gz
16:14:23.429 INFO  NativeLibraryLoader - Loading libgkl_compression.so from jar:file:/home/shukrruthi/anaconda3/envs/cinical_wes_environment/share/gatk4-4.6.2.0-0/gatk-package-4.6.2.0-local.jar!/com/intel/gkl/native/libgkl_compression.so
16:14:23.539 INFO  Mutect2 - ------------------------------------------------------------
16:14:23.543 INFO  Mutect2 - The Genome Analysis Toolkit (GATK) v4.6.2.0
16:14:23.544 INFO  Mutect2 - For support and documentation go to https://software.broadinstitute.org/gatk/
16:14:23.546 INFO  Mutect2 - Executing as root@Shukrruthi on Linux v6.18.33.2-microsoft-standard-WSL2 amd64
16:14:23.547 INFO  Mutect2 - Java runtime: OpenJDK 64-Bit Server VM v17.0.18-internal+0-adhoc.conda.src
16:14:23.548 INFO  Mutect2 - Start Date/Time: June 28, 2026 at 4:14:23 PM IST
16:14:23.549 INFO  Mutect2 - ------------------------------------------------------------
16:14:23.550 INFO  Mutect2 - ------------------------------------------------------------
16:14:23.553 INFO  Mutect2 - HTSJDK Version: 4.2.0
16:14:23.555 INFO  Mutect2 - Picard Version: 3.4.0
16:14:23.556 INFO  Mutect2 - Built for Spark Version: 3.5.0
16:14:23.559 INFO  Mutect2 - HTSJDK Defaults.COMPRESSION_LEVEL : 2
16:14:23.560 INFO  Mutect2 - HTSJDK Defaults.USE_ASYNC_IO_READ_FOR_SAMTOOLS : false
16:14:23.562 INFO  Mutect2 - HTSJDK Defaults.USE_ASYNC_IO_WRITE_FOR_SAMTOOLS : true
16:14:23.563 INFO  Mutect2 - HTSJDK Defaults.USE_ASYNC_IO_WRITE_FOR_TRIBBLE : false
16:14:23.565 INFO  Mutect2 - Deflater: IntelDeflater
16:14:23.566 INFO  Mutect2 - Inflater: IntelInflater
16:14:23.569 INFO  Mutect2 - GCS max retries/reopens: 20
16:14:23.570 INFO  Mutect2 - Requester pays: disabled
16:14:23.573 INFO  Mutect2 - Initializing engine
WARNING: BAM index file /mnt/c/Users/shukr/projects/clinical-neuroblastoma-wes/results/bqsr/NB001.recal.bai is older than BAM /mnt/c/Users/shukr/projects/clinical-neuroblastoma-wes/results/bqsr/NB001.recal.bam
16:14:24.078 INFO  FeatureManager - Using codec VCFCodec to read file file:///mnt/c/Users/shukr/projects/clinical-neuroblastoma-wes/resources/reference/1000g_pon.hg38.vcf.gz
16:14:24.353 INFO  FeatureManager - Using codec VCFCodec to read file file:///mnt/c/Users/shukr/projects/clinical-neuroblastoma-wes/resources/reference/af-only-gnomad.hg38.vcf.gz
16:14:24.556 INFO  FeatureManager - Using codec IntervalListCodec to read file file:///mnt/c/Users/shukr/projects/clinical-neuroblastoma-wes/resources/targets/S33266436_Regions.interval_list
16:14:25.403 INFO  IntervalArgumentCollection - Processing 35131620 bp from intervals
16:14:25.516 INFO  Mutect2 - Done initializing engine
16:14:25.639 INFO  NativeLibraryLoader - Loading libgkl_utils.so from jar:file:/home/shukrruthi/anaconda3/envs/cinical_wes_environment/share/gatk4-4.6.2.0-0/gatk-package-4.6.2.0-local.jar!/com/intel/gkl/native/libgkl_utils.so
16:14:25.649 INFO  NativeLibraryLoader - Loading libgkl_smithwaterman.so from jar:file:/home/shukrruthi/anaconda3/envs/cinical_wes_environment/share/gatk4-4.6.2.0-0/gatk-package-4.6.2.0-local.jar!/com/intel/gkl/native/libgkl_smithwaterman.so
16:14:25.650 INFO  SmithWatermanAligner - Using AVX accelerated SmithWaterman implementation
16:14:25.663 INFO  NativeLibraryLoader - Loading libgkl_pairhmm_omp.so from jar:file:/home/shukrruthi/anaconda3/envs/cinical_wes_environment/share/gatk4-4.6.2.0-0/gatk-package-4.6.2.0-local.jar!/com/intel/gkl/native/libgkl_pairhmm_omp.so
16:14:25.672 INFO  IntelPairHmm - Flush-to-zero (FTZ) is enabled when running PairHMM
16:14:25.674 INFO  IntelPairHmm - Available threads: 8
16:14:25.675 INFO  IntelPairHmm - Requested threads: 4
16:14:25.675 INFO  PairHMM - Using the OpenMP multi-threaded AVX-accelerated native PairHMM implementation
16:14:25.792 INFO  ProgressMeter - Starting traversal
16:14:25.794 INFO  ProgressMeter -        Current Locus  Elapsed Minutes     Regions Processed   Regions/Minute
16:14:35.804 INFO  ProgressMeter -        chr1:53249478              0.2                 10490          62889.7
16:14:45.803 INFO  ProgressMeter -       chr1:167722152              0.3                 22270          66783.3
16:14:55.815 INFO  ProgressMeter -       chr1:246898208              0.5                 31010          61978.7
16:15:05.819 INFO  ProgressMeter -        chr2:89027388              0.7                 39900          59814.1
16:15:15.834 INFO  ProgressMeter -       chr2:215312515              0.8                 51370          61596.0
16:15:26.573 INFO  ProgressMeter -        chr3:68885175              1.0                 63510          62697.0
16:15:36.594 INFO  ProgressMeter -         chr4:2072968              1.2                 73750          62501.8
16:15:46.603 INFO  ProgressMeter -       chr4:147660846              1.3                 83200          61776.1
16:15:56.606 INFO  ProgressMeter -       chr5:113553243              1.5                 92270          60964.0
16:16:06.607 INFO  ProgressMeter -        chr6:34240781              1.7                103660          61695.0
16:16:16.623 INFO  ProgressMeter -       chr6:167341022              1.8                114540          62010.2
16:16:26.643 INFO  ProgressMeter -       chr7:112486985              2.0                124850          61987.0
16:16:36.646 INFO  ProgressMeter -        chr8:43158923              2.2                133380          61159.6
16:16:46.651 INFO  ProgressMeter -        chr9:13222419              2.3                141280          60180.6
16:16:56.666 INFO  ProgressMeter -        chr10:5813214              2.5                153460          61029.6
16:17:06.675 INFO  ProgressMeter -      chr10:119160929              2.7                163830          61100.2
16:17:16.676 INFO  ProgressMeter -       chr11:60525294              2.8                173470          60909.1
16:17:26.678 INFO  ProgressMeter -        chr12:7124121              3.0                185320          61471.8
16:17:36.681 INFO  ProgressMeter -      chr12:110218044              3.2                197280          62010.1
16:17:46.680 INFO  ProgressMeter -       chr14:20377600              3.3                206710          61739.8
16:17:56.682 INFO  ProgressMeter -       chr15:33628531              3.5                217720          61944.1
16:18:06.682 INFO  ProgressMeter -        chr16:4801503              3.7                229750          62407.5
16:18:16.684 INFO  ProgressMeter -        chr17:2700678              3.8                241090          62650.9
16:18:26.689 INFO  ProgressMeter -       chr17:63340101              4.0                254250          63326.6
16:18:36.691 INFO  ProgressMeter -       chr18:72864808              4.2                263680          63057.5
16:18:46.695 INFO  ProgressMeter -       chr19:45259094              4.3                277580          63836.0
16:18:56.697 INFO  ProgressMeter -       chr21:18256970              4.5                290770          64400.4
16:19:06.729 INFO  ProgressMeter -        chrX:27460798              4.7                302030          64505.5
16:19:16.737 INFO  ProgressMeter -       chrX:119094067              4.8                309290          63783.8
16:19:21.949 INFO  Mutect2 - 6532 read(s) filtered by: MappingQualityReadFilter 
0 read(s) filtered by: MappingQualityAvailableReadFilter 
0 read(s) filtered by: MappingQualityNotZeroReadFilter 
0 read(s) filtered by: MappedReadFilter 
0 read(s) filtered by: NotSecondaryAlignmentReadFilter 
65 read(s) filtered by: NotDuplicateReadFilter 
0 read(s) filtered by: PassesVendorQualityCheckReadFilter 
0 read(s) filtered by: NonChimericOriginalAlignmentReadFilter 
0 read(s) filtered by: NonZeroReferenceLengthAlignmentReadFilter 
0 read(s) filtered by: ReadLengthReadFilter 
0 read(s) filtered by: GoodCigarReadFilter 
0 read(s) filtered by: WellformedReadFilter 
6597 total reads filtered out of 144322 reads processed
16:19:21.950 INFO  ProgressMeter - chr22_KI270879v1_alt:277148              4.9                313551          63524.4
16:19:21.951 INFO  ProgressMeter - Traversal complete. Processed 313551 total regions in 4.9 minutes.
16:19:22.705 INFO  VectorLoglessPairHMM - Time spent in setup for JNI call : 0.031747258
16:19:22.706 INFO  PairHMM - Total compute time in PairHMM computeLogLikelihoods() : 1.6294182730000002
16:19:22.707 INFO  SmithWatermanAligner - Total compute time in native Smith-Waterman : 4.69 sec
16:19:22.710 INFO  Mutect2 - Shutting down engine
[June 28, 2026 at 4:19:22 PM IST] org.broadinstitute.hellbender.tools.walkers.mutect.Mutect2 done. Elapsed time: 4.99 minutes.
Runtime.totalMemory()=868220928
Tool returned:
SUCCESS
