[M::bwa_idx_load_from_disk] read 0 ALT contigs
[M::process] read 190044 sequences (25403531 bp)...
[M::mem_pestat] # candidate unique pairs for (FF, FR, RF, RR): (7, 76716, 3, 13)
[M::mem_pestat] skip orientation FF as there are not enough pairs
[M::mem_pestat] analyzing insert size distribution for orientation FR...
[M::mem_pestat] (25, 50, 75) percentile: (104, 135, 176)
[M::mem_pestat] low and high boundaries for computing mean and std.dev: (1, 320)
[M::mem_pestat] mean and std.dev: (142.73, 53.63)
[M::mem_pestat] low and high boundaries for proper pairs: (1, 392)
[M::mem_pestat] skip orientation RF as there are not enough pairs
[M::mem_pestat] analyzing insert size distribution for orientation RR...
[M::mem_pestat] (25, 50, 75) percentile: (87, 112, 163)
[M::mem_pestat] low and high boundaries for computing mean and std.dev: (1, 315)
[M::mem_pestat] mean and std.dev: (121.92, 61.27)
[M::mem_pestat] low and high boundaries for proper pairs: (1, 391)
[M::mem_pestat] skip orientation RR
[M::mem_process_seqs] Processed 190044 reads in 103.491 CPU sec, 13.619 real sec
[main] Version: 0.7.19-r1273
[main] CMD: bwa mem -t 8 -R @RG\tID:NB001\tSM:NB001\tPL:ILLUMINA[bam_sort_core] merging from 0 files and 4 in-memory blocks...
 resources/reference/Homo_sapiens_assembly38.fasta results/trimmed/NB001_R1.clean.fastq.gz results/trimmed/NB001_R2.clean.fastq.gz
[main] Real time: 92.365 sec; CPU: 122.960 sec
