Using GATK jar /home/shukrruthi/anaconda3/envs/cinical_wes_environment/share/gatk4-4.6.2.0-0/gatk-package-4.6.2.0-local.jar
Running:
    java -Dsamjdk.use_async_io_read_samtools=false -Dsamjdk.use_async_io_write_samtools=true -Dsamjdk.use_async_io_write_tribble=false -Dsamjdk.compression_level=2 -jar /home/shukrruthi/anaconda3/envs/cinical_wes_environment/share/gatk4-4.6.2.0-0/gatk-package-4.6.2.0-local.jar GetPileupSummaries -I results/bqsr/NB001.recal.bam -V resources/reference/af-only-gnomad.hg38.vcf.gz -L resources/targets/S33266436_Regions.interval_list -O results/variants/NB001.pileups.table
16:19:25.792 INFO  NativeLibraryLoader - Loading libgkl_compression.so from jar:file:/home/shukrruthi/anaconda3/envs/cinical_wes_environment/share/gatk4-4.6.2.0-0/gatk-package-4.6.2.0-local.jar!/com/intel/gkl/native/libgkl_compression.so
16:19:25.964 INFO  GetPileupSummaries - ------------------------------------------------------------
16:19:25.968 INFO  GetPileupSummaries - The Genome Analysis Toolkit (GATK) v4.6.2.0
16:19:25.971 INFO  GetPileupSummaries - For support and documentation go to https://software.broadinstitute.org/gatk/
16:19:25.972 INFO  GetPileupSummaries - Executing as root@Shukrruthi on Linux v6.18.33.2-microsoft-standard-WSL2 amd64
16:19:25.973 INFO  GetPileupSummaries - Java runtime: OpenJDK 64-Bit Server VM v17.0.18-internal+0-adhoc.conda.src
16:19:25.975 INFO  GetPileupSummaries - Start Date/Time: June 28, 2026 at 4:19:25 PM IST
16:19:25.976 INFO  GetPileupSummaries - ------------------------------------------------------------
16:19:25.977 INFO  GetPileupSummaries - ------------------------------------------------------------
16:19:25.980 INFO  GetPileupSummaries - HTSJDK Version: 4.2.0
16:19:25.981 INFO  GetPileupSummaries - Picard Version: 3.4.0
16:19:25.983 INFO  GetPileupSummaries - Built for Spark Version: 3.5.0
16:19:25.986 INFO  GetPileupSummaries - HTSJDK Defaults.COMPRESSION_LEVEL : 2
16:19:25.988 INFO  GetPileupSummaries - HTSJDK Defaults.USE_ASYNC_IO_READ_FOR_SAMTOOLS : false
16:19:25.990 INFO  GetPileupSummaries - HTSJDK Defaults.USE_ASYNC_IO_WRITE_FOR_SAMTOOLS : true
16:19:25.991 INFO  GetPileupSummaries - HTSJDK Defaults.USE_ASYNC_IO_WRITE_FOR_TRIBBLE : false
16:19:25.992 INFO  GetPileupSummaries - Deflater: IntelDeflater
16:19:25.993 INFO  GetPileupSummaries - Inflater: IntelInflater
16:19:25.995 INFO  GetPileupSummaries - GCS max retries/reopens: 20
16:19:25.996 INFO  GetPileupSummaries - Requester pays: disabled
16:19:25.997 INFO  GetPileupSummaries - Initializing engine
WARNING: BAM index file /mnt/c/Users/shukr/projects/clinical-neuroblastoma-wes/results/bqsr/NB001.recal.bai is older than BAM /mnt/c/Users/shukr/projects/clinical-neuroblastoma-wes/results/bqsr/NB001.recal.bam
16:19:26.350 INFO  FeatureManager - Using codec VCFCodec to read file file:///mnt/c/Users/shukr/projects/clinical-neuroblastoma-wes/resources/reference/af-only-gnomad.hg38.vcf.gz
16:19:26.747 INFO  FeatureManager - Using codec IntervalListCodec to read file file:///mnt/c/Users/shukr/projects/clinical-neuroblastoma-wes/resources/targets/S33266436_Regions.interval_list
16:19:27.943 INFO  IntervalArgumentCollection - Processing 35131620 bp from intervals
16:19:27.992 INFO  GetPileupSummaries - Done initializing engine
16:19:28.003 INFO  ProgressMeter - Starting traversal
16:19:28.005 INFO  ProgressMeter -        Current Locus  Elapsed Minutes        Loci Processed      Loci/Minute
16:19:38.012 INFO  ProgressMeter -       chr2:208163427              0.2                899000        5391843.3
16:19:48.019 INFO  ProgressMeter -       chr6:123464976              0.3               1942000        5822215.6
16:19:58.029 INFO  ProgressMeter -      chr10:127175236              0.5               2873000        5741789.4
16:20:08.039 INFO  ProgressMeter -        chr16:8898571              0.7               4014000        6016036.8
16:20:18.048 INFO  ProgressMeter -        chrX:40073474              0.8               5297000        6351065.1
16:20:19.473 INFO  GetPileupSummaries - 8070 read(s) filtered by: MappingQualityReadFilter 
0 read(s) filtered by: MappingQualityAvailableReadFilter 
0 read(s) filtered by: MappingQualityNotZeroReadFilter 
0 read(s) filtered by: MappedReadFilter 
4684 read(s) filtered by: PrimaryLineReadFilter 
63 read(s) filtered by: NotDuplicateReadFilter 
0 read(s) filtered by: PassesVendorQualityCheckReadFilter 
0 read(s) filtered by: NonZeroReferenceLengthAlignmentReadFilter 
3505 read(s) filtered by: MateOnSameContigOrNoMappedMateReadFilter 
0 read(s) filtered by: GoodCigarReadFilter 
0 read(s) filtered by: WellformedReadFilter 
16322 total reads filtered out of 139134 reads processed
16:20:19.476 INFO  ProgressMeter -       chrX:155524598              0.9               5549720        6469587.5
16:20:19.477 INFO  ProgressMeter - Traversal complete. Processed 5549720 total loci in 0.9 minutes.
16:20:19.486 INFO  GetPileupSummaries - Shutting down engine
[June 28, 2026 at 4:20:19 PM IST] org.broadinstitute.hellbender.tools.walkers.contamination.GetPileupSummaries done. Elapsed time: 0.90 minutes.
Runtime.totalMemory()=664797184
Tool returned:
SUCCESS
